1734448263758:departments head albus
1734448294176:department head Gryffindor
1734448315505:departments head Gryffindor
1734502020979:departments statistics Gryffindor
1734524623767:departments statistics Slytherin
1734539999025:departments statistics slytherin
1734584246512:departments averageSalary Gryffindor
1734588535118:departments countEmployees Gryffindor
1734608735948:lector-search Slytherin
1734608837851:lector-search Slytherin ''
1734608868604:lector-search Slytherin
1734700714800:lector-search
1734700859746:ector-search
1734700865213:lector-search
1734701368852:lector-search hg
1734701402236:lector-search Al
1734701434701:lector-search Albus
1734701532615:lector-search Al
1734701574171:lector-search al
1734706624342:lector-search Al
1734706674535:lector-search Albus
1734706871589:lector-search al
1734706883082:lector-search Al
1734707257523:lector-search Albus
1734707373637:lector-search Al
1734707957479:lector-search al
1734708422466:lector-search Al
1734708442712:lector-search al
1734708609056:lector-search Al
1734708825127:lector-search al
1734859096216:lector-search sn
1734859107015:mi
1734859117926:lector-search mi
1735715057467:departments head gh
1735715220628:department head hg
1735715274389:departments head
1735715288658:departments head f
1735721965517:departments statistics df
1735722419559:departments statistics fg
1735722670084:department statistics gh
1735722687350:departments statistics gh
1735733192508:departments statistics
1735733202822:departments statistics hg
1735733411511:departments statistics low
1735733617143:departments statistics gh
1735907736090:depatrments statistics hj
1735907763711:departments statistics r
1735907922370:department statistics hg
1735907944200:departments statistics
1735907959128:department statistics hg
1735907967270:departments statistics tr
1735911822186:epartments head hg
1735911829886:departments head  hg
1735911848744:departments statistics gh
1735912228386:departments averageSalary hj
1735912290173:stacktrace
1735912663433:departments statistics hg
1735912951044:departments statistics gh
1735914058698:departments statistics jk
1735916039098:departments statistics Slytherin
1735921840241:department statistics Gryffindor
1735921858434:departments statistics Gryffindor
1735921903404:stacktrace
1735922295440:departments statistics Gryffindor
1735922353829:departments statistics Gry
1735922650363:departments averageSalary hg
1735922767710:departments averageSalary hr
1735922800872:departments averageSalary Gryffindor
1735982089196:department-countEmployees  hg
1736066977440:department-countEmployees kj
1736067147713:department-countEmployees Ravenclaw
1736072992294:department-countEmployees Gryffindor
1736073083942:lector-search m
1736073129690:ector-search M
1736073135366:lector-search M
1736073222182:lectors-search Minerva
1736073265237:lector-search Minerva
1736080160813:lector-search op
1736080175410:lector-search M
1736087127067:lector-search hj
1736087186826:lector-search
1736087200248:lector-search thj
1736170862210:lector-search hj
1736170866862:lector-search m
1736179705997:stacktrace
1736179825172:lector-search m
1736179839504:stacktrace
1736179936141:lector-search m
1736179971072:lector serch M
1736179981065:lector-search M
1736180278772:alector-search M
1736180288510:lector-search M
1736180390441:lector -search M
1736180397866:lector-search m
1736180518767:lector-search M
1736180773106:lector-search m
1736180918813:lector-search M
1736181164334:lector-search m
